Using pre-set license
Built from '2020.3/staging' branch; Version is '2020.3.26f1 (7298b473bc1a) revision 7510196'; Using compiler version '192528614'; Build Type 'Release'
OS: 'Windows 10  (10.0.19042) 64bit Core' Language: 'en' Physical Memory: 16163 MB
BatchMode: 1, IsHumanControllingUs: 0, StartBugReporterOnCrash: 0, Is64bit: 1, IsPro: 0

COMMAND LINE ARGUMENTS:
C:\Program Files\Unity\Hub\Editor\2020.3.26f1\Editor\Unity.exe
-adb2
-batchMode
-noUpm
-name
AssetImportWorker0
-projectPath
C:/Users/ryanl/Test
-logFile
Logs/AssetImportWorker0.log
-srvPort
52939
Successfully changed project path to: C:/Users/ryanl/Test
C:/Users/ryanl/Test
Using Asset Import Pipeline V2.
Refreshing native plugins compatible for Editor in 46.88 ms, found 2 plugins.
Preloading 0 native plugins for Editor in 0.00 ms.
Initialize engine version: 2020.3.26f1 (7298b473bc1a)
[Subsystems] Discovering subsystems at path C:/Program Files/Unity/Hub/Editor/2020.3.26f1/Editor/Data/Resources/UnitySubsystems
[Subsystems] Discovering subsystems at path C:/Users/ryanl/Test/Assets
GfxDevice: creating device client; threaded=0
Direct3D:
    Version:  Direct3D 11.0 [level 11.1]
    Renderer: NVIDIA GeForce RTX 3060 Laptop GPU (ID=0x2520)
    Vendor:   
    VRAM:     6023 MB
    Driver:   27.21.14.6262
Initialize mono
Mono path[0] = 'C:/Program Files/Unity/Hub/Editor/2020.3.26f1/Editor/Data/Managed'
Mono path[1] = 'C:/Program Files/Unity/Hub/Editor/2020.3.26f1/Editor/Data/MonoBleedingEdge/lib/mono/unityjit'
Mono config path = 'C:/Program Files/Unity/Hub/Editor/2020.3.26f1/Editor/Data/MonoBleedingEdge/etc'
Using monoOptions --debugger-agent=transport=dt_socket,embedding=1,server=y,suspend=n,address=127.0.0.1:56572
Begin MonoManager ReloadAssembly
Registering precompiled unity dll's ...
Register platform support module: C:/Program Files/Unity/Hub/Editor/2020.3.26f1/Editor/Data/PlaybackEngines/WebGLSupport/UnityEditor.WebGL.Extensions.dll
Register platform support module: C:/Program Files/Unity/Hub/Editor/2020.3.26f1/Editor/Data/PlaybackEngines/WindowsStandaloneSupport/UnityEditor.WindowsStandalone.Extensions.dll
Registered in 0.005405 seconds.
Native extension for WindowsStandalone target not found
Native extension for WebGL target not found
Refreshing native plugins compatible for Editor in 38.21 ms, found 2 plugins.
Preloading 0 native plugins for Editor in 0.00 ms.
Mono: successfully reloaded assembly
- Completed reload, in  0.486 seconds
Domain Reload Profiling:
	ReloadAssembly (486ms)
		BeginReloadAssembly (39ms)
			ExecutionOrderSort (0ms)
			DisableScriptedObjects (0ms)
			BackupInstance (0ms)
			ReleaseScriptingObjects (0ms)
			CreateAndSetChildDomain (1ms)
		EndReloadAssembly (382ms)
			LoadAssemblies (38ms)
			RebuildTransferFunctionScriptingTraits (0ms)
			SetupTypeCache (133ms)
			ReleaseScriptCaches (0ms)
			RebuildScriptCaches (22ms)
			SetupLoadedEditorAssemblies (137ms)
				LogAssemblyErrors (0ms)
				InitializePlatformSupportModulesInManaged (5ms)
				SetLoadedEditorAssemblies (0ms)
				RefreshPlugins (38ms)
				BeforeProcessingInitializeOnLoad (7ms)
				ProcessInitializeOnLoadAttributes (65ms)
				ProcessInitializeOnLoadMethodAttributes (21ms)
				AfterProcessingInitializeOnLoad (0ms)
				EditorAssembliesLoaded (0ms)
			ExecutionOrderSort2 (0ms)
			AwakeInstancesAfterBackupRestoration (0ms)
Platform modules already initialized, skipping
Registering precompiled user dll's ...
Registered in 0.017687 seconds.
Begin MonoManager ReloadAssembly
Native extension for WindowsStandalone target not found
Native extension for WebGL target not found
Refreshing native plugins compatible for Editor in 0.42 ms, found 2 plugins.
Preloading 0 native plugins for Editor in 0.00 ms.
Mono: successfully reloaded assembly
- Completed reload, in  0.887 seconds
Domain Reload Profiling:
	ReloadAssembly (888ms)
		BeginReloadAssembly (111ms)
			ExecutionOrderSort (0ms)
			DisableScriptedObjects (5ms)
			BackupInstance (0ms)
			ReleaseScriptingObjects (0ms)
			CreateAndSetChildDomain (21ms)
		EndReloadAssembly (720ms)
			LoadAssemblies (110ms)
			RebuildTransferFunctionScriptingTraits (0ms)
			SetupTypeCache (232ms)
			ReleaseScriptCaches (1ms)
			RebuildScriptCaches (37ms)
			SetupLoadedEditorAssemblies (272ms)
				LogAssemblyErrors (0ms)
				InitializePlatformSupportModulesInManaged (4ms)
				SetLoadedEditorAssemblies (0ms)
				RefreshPlugins (0ms)
				BeforeProcessingInitializeOnLoad (50ms)
				ProcessInitializeOnLoadAttributes (200ms)
				ProcessInitializeOnLoadMethodAttributes (12ms)
				AfterProcessingInitializeOnLoad (5ms)
				EditorAssembliesLoaded (0ms)
			ExecutionOrderSort2 (0ms)
			AwakeInstancesAfterBackupRestoration (5ms)
Platform modules already initialized, skipping
========================================================================
Worker process is ready to serve import requests
Launched and connected shader compiler UnityShaderCompiler.exe after 0.09 seconds
Refreshing native plugins compatible for Editor in 1.07 ms, found 2 plugins.
Preloading 0 native plugins for Editor in 0.00 ms.
Unloading 2016 Unused Serialized files (Serialized files now loaded: 0)
System memory in use before: 89.7 MB.
System memory in use after: 87.1 MB.

Unloading 62 unused Assets to reduce memory usage. Loaded Objects now: 2404.
Total: 3.483500 ms (FindLiveObjects: 0.163800 ms CreateObjectMapping: 0.047800 ms MarkObjects: 2.522100 ms  DeleteObjects: 0.748000 ms)

AssetImportParameters requested are different than current active one (requested -> active):
  custom:framework-win-MediaFoundation: 216162199b28c13a410421893ffa2e32 -> 
  custom:video-decoder-ogg-theora: a1e56fd34408186e4bbccfd4996cb3dc -> 
  custom:container-muxer-webm: aa71ff27fc2769a1b78a27578f13a17b -> 
  custom:container-demuxer-webm: 4f35f7cbe854078d1ac9338744f61a02 -> 
  custom:container-demuxer-ogg: 62fdf1f143b41e24485cea50d1cbac27 -> 
  custom:video-encoder-webm-vp8: eb34c28f22e8b96e1ab97ce403110664 -> 
  custom:video-decoder-webm-vp8: 9c59270c3fd7afecdb556c50c9e8de78 -> 
  custom:audio-decoder-ogg-vorbis: bf7c407c2cedff20999df2af8eb42d56 -> 
  custom:audio-encoder-webm-vorbis: bf7c407c2cedff20999df2af8eb42d56 -> 
========================================================================
Received Import Request.
  path: Assets/Character/Sprites/PlayerIdle.png
  artifactKey: Guid(ba86c7b200abe499cb750833482830b3) Importer(815301076,1909f56bfc062723c751e8b465ee728b)
Start importing Assets/Character/Sprites/PlayerIdle.png using Guid(ba86c7b200abe499cb750833482830b3) Importer(815301076,1909f56bfc062723c751e8b465ee728b)  -> (artifact id: 'bfb53ae3437176fe741331a2841939e3') in 0.220099 seconds 
  Import took 0.223574 seconds .

========================================================================
Received Import Request.
  Time since last request: 0.000306 seconds.
  path: Assets/Character/Sprites/PlayerLand.png
  artifactKey: Guid(e0d1e122a29a24ec19a2b23782952411) Importer(815301076,1909f56bfc062723c751e8b465ee728b)
Start importing Assets/Character/Sprites/PlayerLand.png using Guid(e0d1e122a29a24ec19a2b23782952411) Importer(815301076,1909f56bfc062723c751e8b465ee728b)  -> (artifact id: 'ddce4d19a79229849ec8299eabef2507') in 0.025576 seconds 
  Import took 0.028471 seconds .

========================================================================
Received Import Request.
  Time since last request: 0.000367 seconds.
  path: Assets/Character/Sprites/PlayerSpawn.png
  artifactKey: Guid(1a4bd6d8b694c4f65869fe4d44a0198b) Importer(815301076,1909f56bfc062723c751e8b465ee728b)
Start importing Assets/Character/Sprites/PlayerSpawn.png using Guid(1a4bd6d8b694c4f65869fe4d44a0198b) Importer(815301076,1909f56bfc062723c751e8b465ee728b)  -> (artifact id: '793f5585c5040be074179fb17fcc3e1c') in 0.063076 seconds 
  Import took 0.066792 seconds .

========================================================================
Received Import Request.
  Time since last request: 0.000325 seconds.
  path: Assets/Character/Animations
  artifactKey: Guid(ca5ce6eec391341a99ff0149786f60ee) Importer(815301076,1909f56bfc062723c751e8b465ee728b)
Start importing Assets/Character/Animations using Guid(ca5ce6eec391341a99ff0149786f60ee) Importer(815301076,1909f56bfc062723c751e8b465ee728b)  -> (artifact id: '49cb2c89e4b540239b89c5de5efc0d72') in 0.002053 seconds 
  Import took 0.005089 seconds .

========================================================================
Received Import Request.
  Time since last request: 0.000318 seconds.
  path: Assets/Audio
  artifactKey: Guid(2c936b9f658e245b08d487aa1090faab) Importer(815301076,1909f56bfc062723c751e8b465ee728b)
Start importing Assets/Audio using Guid(2c936b9f658e245b08d487aa1090faab) Importer(815301076,1909f56bfc062723c751e8b465ee728b)  -> (artifact id: '0a42cdf3f2b43bf9ba25a5d8c1989925') in 0.003124 seconds 
  Import took 0.007910 seconds .

========================================================================
Received Import Request.
  Time since last request: 0.000356 seconds.
  path: Assets/Character/Sprites/PlayerVictory.png
  artifactKey: Guid(591161ddccde24e77bc04c29ec2742eb) Importer(815301076,1909f56bfc062723c751e8b465ee728b)
Start importing Assets/Character/Sprites/PlayerVictory.png using Guid(591161ddccde24e77bc04c29ec2742eb) Importer(815301076,1909f56bfc062723c751e8b465ee728b)  -> (artifact id: '6950b44bbc7c96b5755fa03e549946fb') in 0.049924 seconds 
  Import took 0.053859 seconds .

========================================================================
Received Import Request.
  Time since last request: 0.000463 seconds.
  path: Assets/Character/Sprites/EnemyIdle.png
  artifactKey: Guid(fe68c6e1242e94a9eab222e1f49440ff) Importer(815301076,1909f56bfc062723c751e8b465ee728b)
Start importing Assets/Character/Sprites/EnemyIdle.png using Guid(fe68c6e1242e94a9eab222e1f49440ff) Importer(815301076,1909f56bfc062723c751e8b465ee728b)  -> (artifact id: '5a119712f0ca3d723bb795e0cd2f1f9c') in 0.129865 seconds 
  Import took 0.133903 seconds .

========================================================================
Received Import Request.
  Time since last request: 0.000396 seconds.
  path: Assets/Audio/LandOnEnemy.wav
  artifactKey: Guid(b7f741588644cd64bbee6387cb54a96d) Importer(815301076,1909f56bfc062723c751e8b465ee728b)
Start importing Assets/Audio/LandOnEnemy.wav using Guid(b7f741588644cd64bbee6387cb54a96d) Importer(815301076,1909f56bfc062723c751e8b465ee728b)  -> (artifact id: '9714d5c7649efd2fade8696dfacac483') in 0.080480 seconds 
  Import took 0.084980 seconds .

========================================================================
Received Import Request.
  Time since last request: 0.000322 seconds.
  path: Assets/Character/Sprites/Mr.Alien.png
  artifactKey: Guid(443583d5024ec0b46889a8bed11f2d5d) Importer(815301076,1909f56bfc062723c751e8b465ee728b)
Start importing Assets/Character/Sprites/Mr.Alien.png using Guid(443583d5024ec0b46889a8bed11f2d5d) Importer(815301076,1909f56bfc062723c751e8b465ee728b)  -> (artifact id: 'c9d203e1ba4663906d7f566648c2e4f7') in 0.023478 seconds 
  Import took 0.026264 seconds .

========================================================================
Received Import Request.
  Time since last request: 0.000439 seconds.
  path: Assets/Character/Sprites/TokenSpin.png
  artifactKey: Guid(c36b0e54a8d8340759ab2f1394787f1f) Importer(815301076,1909f56bfc062723c751e8b465ee728b)
Start importing Assets/Character/Sprites/TokenSpin.png using Guid(c36b0e54a8d8340759ab2f1394787f1f) Importer(815301076,1909f56bfc062723c751e8b465ee728b)  -> (artifact id: '574daf32e3b32131a972bcbf384c54b7') in 0.049454 seconds 
  Import took 0.053602 seconds .

========================================================================
Received Import Request.
  Time since last request: 0.000351 seconds.
  path: Assets/Character/Sprites/PlayerJump.png
  artifactKey: Guid(f43044f34a0b7424eb5deb0c04ff27c7) Importer(815301076,1909f56bfc062723c751e8b465ee728b)
Start importing Assets/Character/Sprites/PlayerJump.png using Guid(f43044f34a0b7424eb5deb0c04ff27c7) Importer(815301076,1909f56bfc062723c751e8b465ee728b)  -> (artifact id: 'c3c723950b1417dc34ca80570f0fbf51') in 0.142225 seconds 
  Import took 0.145452 seconds .

========================================================================
Received Import Request.
  Time since last request: 0.000384 seconds.
  path: Assets/Audio/LandOnGround.wav
  artifactKey: Guid(dd6057fd464f77942a0bf39c54651b32) Importer(815301076,1909f56bfc062723c751e8b465ee728b)
Start importing Assets/Audio/LandOnGround.wav using Guid(dd6057fd464f77942a0bf39c54651b32) Importer(815301076,1909f56bfc062723c751e8b465ee728b)  -> (artifact id: 'f8e5a153f11cd9cc6c03f3e2588a605f') in 0.008818 seconds 
  Import took 0.013510 seconds .

========================================================================
Received Import Request.
  Time since last request: 0.000550 seconds.
  path: Assets/Character/Sprites/EnemyRun.png
  artifactKey: Guid(38c1b0996c8e0457eb88644b8cb126f3) Importer(815301076,1909f56bfc062723c751e8b465ee728b)
Start importing Assets/Character/Sprites/EnemyRun.png using Guid(38c1b0996c8e0457eb88644b8cb126f3) Importer(815301076,1909f56bfc062723c751e8b465ee728b)  -> (artifact id: '48d4a62df547c83a658ba1182591ddad') in 0.060555 seconds 
  Import took 0.066612 seconds .

========================================================================
Received Import Request.
  Time since last request: 0.000375 seconds.
  path: Assets/Character/Sprites/PlayerRun.png
  artifactKey: Guid(225a1eacac9dc41ae9a4d6adf7df8d40) Importer(815301076,1909f56bfc062723c751e8b465ee728b)
Start importing Assets/Character/Sprites/PlayerRun.png using Guid(225a1eacac9dc41ae9a4d6adf7df8d40) Importer(815301076,1909f56bfc062723c751e8b465ee728b)  -> (artifact id: 'f8ef73bc2faa222d82c4538f26a7269c') in 0.097788 seconds 
  Import took 0.100835 seconds .

========================================================================
Received Import Request.
  Time since last request: 0.000259 seconds.
  path: Assets/Editor/PatrolPathEditor.cs
  artifactKey: Guid(574b9f9d90f1a4e0180d882b20207004) Importer(815301076,1909f56bfc062723c751e8b465ee728b)
Start importing Assets/Editor/PatrolPathEditor.cs using Guid(574b9f9d90f1a4e0180d882b20207004) Importer(815301076,1909f56bfc062723c751e8b465ee728b)  -> (artifact id: '5c2e5a47e96c0b60360b3706fa1b3581') in 0.003907 seconds 
  Import took 0.006969 seconds .

========================================================================
Received Import Request.
  Time since last request: 0.000255 seconds.
  path: Assets/Audio/Music.wav
  artifactKey: Guid(5833894e2899f1840ac04193ca462e39) Importer(815301076,1909f56bfc062723c751e8b465ee728b)
Start importing Assets/Audio/Music.wav using Guid(5833894e2899f1840ac04193ca462e39) Importer(815301076,1909f56bfc062723c751e8b465ee728b)  -> (artifact id: 'd2ca686b47e3c8f99e46d27c1a03adde') in 0.014337 seconds 
  Import took 0.017948 seconds .

========================================================================
Received Import Request.
  Time since last request: 0.000323 seconds.
  path: Assets/Audio/jump.wav
  artifactKey: Guid(67975c08d56ceb147bad38572d805aa8) Importer(815301076,1909f56bfc062723c751e8b465ee728b)
Start importing Assets/Audio/jump.wav using Guid(67975c08d56ceb147bad38572d805aa8) Importer(815301076,1909f56bfc062723c751e8b465ee728b)  -> (artifact id: '9925cfd6ee4235eb80fd76682f1f91cd') in 0.010550 seconds 
  Import took 0.015254 seconds .

========================================================================
Received Import Request.
  Time since last request: 0.000660 seconds.
  path: Assets/Character/Sprites/TokenCollected.png
  artifactKey: Guid(d7f3ba40c95624407a79329e1af8b953) Importer(815301076,1909f56bfc062723c751e8b465ee728b)
Start importing Assets/Character/Sprites/TokenCollected.png using Guid(d7f3ba40c95624407a79329e1af8b953) Importer(815301076,1909f56bfc062723c751e8b465ee728b)  -> (artifact id: 'c2f4863c2f0b71cac5ca66df4e7c2427') in 0.032745 seconds 
  Import took 0.037973 seconds .

========================================================================
Received Import Request.
  Time since last request: 0.000452 seconds.
  path: Assets/Character/Sprites/PlayerHurt.png
  artifactKey: Guid(e1c7748eb9afd4e608ce8f923cf861dc) Importer(815301076,1909f56bfc062723c751e8b465ee728b)
Start importing Assets/Character/Sprites/PlayerHurt.png using Guid(e1c7748eb9afd4e608ce8f923cf861dc) Importer(815301076,1909f56bfc062723c751e8b465ee728b)  -> (artifact id: 'fae8d7015d5ec1b17485af98e9827659') in 0.047068 seconds 
  Import took 0.050355 seconds .

========================================================================
Received Import Request.
  Time since last request: 0.000340 seconds.
  path: Assets/Audio/Walk02.wav
  artifactKey: Guid(3318e557ea5714340abb5376ce7fb8c6) Importer(815301076,1909f56bfc062723c751e8b465ee728b)
Start importing Assets/Audio/Walk02.wav using Guid(3318e557ea5714340abb5376ce7fb8c6) Importer(815301076,1909f56bfc062723c751e8b465ee728b)  -> (artifact id: '94e2bca2fe71ae751dae4bc95736fc75') in 0.019896 seconds 
  Import took 0.023026 seconds .

========================================================================
Received Import Request.
  Time since last request: 0.000301 seconds.
  path: Assets/Audio/Death.wav
  artifactKey: Guid(e18959d46b63f3c4c8cc020a433cf848) Importer(815301076,1909f56bfc062723c751e8b465ee728b)
Start importing Assets/Audio/Death.wav using Guid(e18959d46b63f3c4c8cc020a433cf848) Importer(815301076,1909f56bfc062723c751e8b465ee728b)  -> (artifact id: '015d17833395ddfc79c382581d51d644') in 0.009428 seconds 
  Import took 0.013670 seconds .

========================================================================
Received Import Request.
  Time since last request: 0.000285 seconds.
  path: Assets/Audio/Hurt.wav
  artifactKey: Guid(6c05149e5a2fba64ba172e25a61074b7) Importer(815301076,1909f56bfc062723c751e8b465ee728b)
Start importing Assets/Audio/Hurt.wav using Guid(6c05149e5a2fba64ba172e25a61074b7) Importer(815301076,1909f56bfc062723c751e8b465ee728b)  -> (artifact id: '7f7caf568a82c329befce3a066c4ef15') in 0.012083 seconds 
  Import took 0.016190 seconds .

========================================================================
Received Import Request.
  Time since last request: 0.000426 seconds.
  path: Assets/Audio/Collectable.wav
  artifactKey: Guid(bf527d825758e5b4ca7b69f5a02d9a56) Importer(815301076,1909f56bfc062723c751e8b465ee728b)
Start importing Assets/Audio/Collectable.wav using Guid(bf527d825758e5b4ca7b69f5a02d9a56) Importer(815301076,1909f56bfc062723c751e8b465ee728b)  -> (artifact id: 'c3d5cfd005014ae1940b6941aee66a72') in 0.011821 seconds 
  Import took 0.015729 seconds .

========================================================================
Received Import Request.
  Time since last request: 0.000416 seconds.
  path: Assets/Character/Sprites
  artifactKey: Guid(26e1290bf68e24d2badc30e195da5465) Importer(815301076,1909f56bfc062723c751e8b465ee728b)
Start importing Assets/Character/Sprites using Guid(26e1290bf68e24d2badc30e195da5465) Importer(815301076,1909f56bfc062723c751e8b465ee728b)  -> (artifact id: '8f2b0e79c0e8b396c1f21b277668822f') in 0.002877 seconds 
  Import took 0.006445 seconds .

========================================================================
Received Import Request.
  Time since last request: 0.000320 seconds.
  path: Assets/Character/Sprites/EnemyHurt.png
  artifactKey: Guid(93c828a03eeb34779a4373e83c7e1bcc) Importer(815301076,1909f56bfc062723c751e8b465ee728b)
Start importing Assets/Character/Sprites/EnemyHurt.png using Guid(93c828a03eeb34779a4373e83c7e1bcc) Importer(815301076,1909f56bfc062723c751e8b465ee728b)  -> (artifact id: '5cdda220248cc4bbe010bf2b4441ff23') in 0.042855 seconds 
  Import took 0.045661 seconds .

========================================================================
Received Import Request.
  Time since last request: 0.000339 seconds.
  path: Assets/Character/Sprites/PlayerDeath.png
  artifactKey: Guid(75b38086a902846edbae786183b0274d) Importer(815301076,1909f56bfc062723c751e8b465ee728b)
Start importing Assets/Character/Sprites/PlayerDeath.png using Guid(75b38086a902846edbae786183b0274d) Importer(815301076,1909f56bfc062723c751e8b465ee728b)  -> (artifact id: '490cc445cd155736927787838ffe6db6') in 0.044582 seconds 
  Import took 0.048818 seconds .

========================================================================
Received Import Request.
  Time since last request: 0.000392 seconds.
  path: Assets/Character/Sprites/EnemyDeath.png
  artifactKey: Guid(0d22f52a800554566bb7a5bd62041458) Importer(815301076,1909f56bfc062723c751e8b465ee728b)
Start importing Assets/Character/Sprites/EnemyDeath.png using Guid(0d22f52a800554566bb7a5bd62041458) Importer(815301076,1909f56bfc062723c751e8b465ee728b)  -> (artifact id: 'b6d9c50c06f918fdc189ea572d55eec1') in 0.038222 seconds 
  Import took 0.043202 seconds .

========================================================================
Received Import Request.
  Time since last request: 0.000307 seconds.
  path: Assets/Audio/Walk01.wav
  artifactKey: Guid(bdb49257b73be764a8c04e4f37302e0e) Importer(815301076,1909f56bfc062723c751e8b465ee728b)
Start importing Assets/Audio/Walk01.wav using Guid(bdb49257b73be764a8c04e4f37302e0e) Importer(815301076,1909f56bfc062723c751e8b465ee728b)  -> (artifact id: '3a64510340f4c2f454b33037a39ba95a') in 0.008689 seconds 
  Import took 0.014840 seconds .

========================================================================
Received Import Request.
  Time since last request: 115.441353 seconds.
  path: Assets/Environment/Sprites/cloud.png
  artifactKey: Guid(510116f768c743e41b41ed30a8bdbc29) Importer(815301076,1909f56bfc062723c751e8b465ee728b)
Start importing Assets/Environment/Sprites/cloud.png using Guid(510116f768c743e41b41ed30a8bdbc29) Importer(815301076,1909f56bfc062723c751e8b465ee728b)  -> (artifact id: '701a280b7fb034e105a48208d03fde92') in 0.012325 seconds 
  Import took 0.015943 seconds .

========================================================================
Received Import Request.
  Time since last request: 0.000235 seconds.
  path: Assets/Environment/Sprites/TileFloatingLeftEdge.png
  artifactKey: Guid(cbb2fe4d69e24da4db5d9340b9a78b41) Importer(815301076,1909f56bfc062723c751e8b465ee728b)
Start importing Assets/Environment/Sprites/TileFloatingLeftEdge.png using Guid(cbb2fe4d69e24da4db5d9340b9a78b41) Importer(815301076,1909f56bfc062723c751e8b465ee728b)  -> (artifact id: '349a15c1471ff82e23863bd3dbb79f90') in 0.017974 seconds 
  Import took 0.021594 seconds .

========================================================================
Received Import Request.
  Time since last request: 0.000288 seconds.
  path: Assets/Environment/Sprites/MidgroundFiller.png
  artifactKey: Guid(5bfb66baa66fb8249850422e5c04049c) Importer(815301076,1909f56bfc062723c751e8b465ee728b)
Start importing Assets/Environment/Sprites/MidgroundFiller.png using Guid(5bfb66baa66fb8249850422e5c04049c) Importer(815301076,1909f56bfc062723c751e8b465ee728b)  -> (artifact id: '002b8073f0b90ebe1988f7f7301399ef') in 0.016942 seconds 
  Import took 0.020483 seconds .

========================================================================
Received Import Request.
  Time since last request: 0.000512 seconds.
  path: Assets/Environment/Sprites/ShortBuilding.png
  artifactKey: Guid(d6bb3a4076992b34899422ed2833ca78) Importer(815301076,1909f56bfc062723c751e8b465ee728b)
Start importing Assets/Environment/Sprites/ShortBuilding.png using Guid(d6bb3a4076992b34899422ed2833ca78) Importer(815301076,1909f56bfc062723c751e8b465ee728b)  -> (artifact id: '756c6489a6576a2e7c83b3b9e4c89f6c') in 0.015832 seconds 
  Import took 0.022824 seconds .

========================================================================
Received Import Request.
  Time since last request: 0.000693 seconds.
  path: Assets/Environment/Sprites/TileGroundDark.png
  artifactKey: Guid(822726e40d7799b499000f517f3fdf25) Importer(815301076,1909f56bfc062723c751e8b465ee728b)
Start importing Assets/Environment/Sprites/TileGroundDark.png using Guid(822726e40d7799b499000f517f3fdf25) Importer(815301076,1909f56bfc062723c751e8b465ee728b)  -> (artifact id: 'd4d40e0f2ad2d315083f88a2362e1146') in 0.030487 seconds 
  Import took 0.034861 seconds .

========================================================================
Received Import Request.
  Time since last request: 0.000416 seconds.
  path: Assets/Environment/Sprites/TileGroundTop.png
  artifactKey: Guid(74123a47f787b014e9cc87c75ed7460a) Importer(815301076,1909f56bfc062723c751e8b465ee728b)
Start importing Assets/Environment/Sprites/TileGroundTop.png using Guid(74123a47f787b014e9cc87c75ed7460a) Importer(815301076,1909f56bfc062723c751e8b465ee728b)  -> (artifact id: '1c5da9dd0e729f8252d9ae0a11ffc8bd') in 0.014328 seconds 
  Import took 0.017673 seconds .

========================================================================
Received Import Request.
  Time since last request: 0.000327 seconds.
  path: Assets/Environment/Sprites/TileFloatingRightEdge.png
  artifactKey: Guid(3e2b02880f6f91b43a412e910b8943a4) Importer(815301076,1909f56bfc062723c751e8b465ee728b)
Start importing Assets/Environment/Sprites/TileFloatingRightEdge.png using Guid(3e2b02880f6f91b43a412e910b8943a4) Importer(815301076,1909f56bfc062723c751e8b465ee728b)  -> (artifact id: 'b096fe606ac847f7f1be745e91f1a147') in 0.015256 seconds 
  Import took 0.019348 seconds .

========================================================================
Received Import Request.
  Time since last request: 0.000252 seconds.
  path: Assets/Environment/Sprites/TallBuilding.png
  artifactKey: Guid(fc837eb64bd35a64dbff20cd45295fab) Importer(815301076,1909f56bfc062723c751e8b465ee728b)
Start importing Assets/Environment/Sprites/TallBuilding.png using Guid(fc837eb64bd35a64dbff20cd45295fab) Importer(815301076,1909f56bfc062723c751e8b465ee728b)  -> (artifact id: '781bf2dc64536e111497bfefee789457') in 0.015418 seconds 
  Import took 0.018752 seconds .

========================================================================
Received Import Request.
  Time since last request: 0.000415 seconds.
  path: Assets/Environment/Sprites/mountains.png
  artifactKey: Guid(ae15cd3a7745ebf48a7b644b11834130) Importer(815301076,1909f56bfc062723c751e8b465ee728b)
Start importing Assets/Environment/Sprites/mountains.png using Guid(ae15cd3a7745ebf48a7b644b11834130) Importer(815301076,1909f56bfc062723c751e8b465ee728b)  -> (artifact id: '188faca29afc61ce1625400344563316') in 0.014944 seconds 
  Import took 0.019727 seconds .

========================================================================
Received Import Request.
  Time since last request: 0.000337 seconds.
  path: Assets/Environment/Sprites/hillside.png
  artifactKey: Guid(6484ca7da7c3c4b4f81cadedb9b18e9b) Importer(815301076,1909f56bfc062723c751e8b465ee728b)
Start importing Assets/Environment/Sprites/hillside.png using Guid(6484ca7da7c3c4b4f81cadedb9b18e9b) Importer(815301076,1909f56bfc062723c751e8b465ee728b)  -> (artifact id: '7b449cbef9ce4cb967b0e5c8c5989b03') in 0.024749 seconds 
  Import took 0.028615 seconds .

========================================================================
Received Import Request.
  Time since last request: 0.000243 seconds.
  path: Assets/Environment/Sprites/tree.png
  artifactKey: Guid(0297adc2e728da242a0e78df10d9b8b8) Importer(815301076,1909f56bfc062723c751e8b465ee728b)
Start importing Assets/Environment/Sprites/tree.png using Guid(0297adc2e728da242a0e78df10d9b8b8) Importer(815301076,1909f56bfc062723c751e8b465ee728b)  -> (artifact id: '45fff4382fe54ccb1dbc0d546078b433') in 0.013792 seconds 
  Import took 0.016874 seconds .

========================================================================
Received Import Request.
  Time since last request: 0.000430 seconds.
  path: Assets/Environment/Sprites/TileFloatingMiddle.png
  artifactKey: Guid(4b59a07770b3607408af06862bbf6de6) Importer(815301076,1909f56bfc062723c751e8b465ee728b)
Start importing Assets/Environment/Sprites/TileFloatingMiddle.png using Guid(4b59a07770b3607408af06862bbf6de6) Importer(815301076,1909f56bfc062723c751e8b465ee728b)  -> (artifact id: '49222f082a1ce8279e04052463e03e7d') in 0.011296 seconds 
  Import took 0.019112 seconds .

========================================================================
Received Import Request.
  Time since last request: 0.000433 seconds.
  path: Assets/Environment/Sprites/TileGround.png
  artifactKey: Guid(4ab30a6b78053f440ad8969d54c83d95) Importer(815301076,1909f56bfc062723c751e8b465ee728b)
Start importing Assets/Environment/Sprites/TileGround.png using Guid(4ab30a6b78053f440ad8969d54c83d95) Importer(815301076,1909f56bfc062723c751e8b465ee728b)  -> (artifact id: 'bca8230ce34a3c27b20ca154ca4caef8') in 0.014948 seconds 
  Import took 0.019245 seconds .

========================================================================
Received Import Request.
  Time since last request: 0.000350 seconds.
  path: Assets/Environment/Sprites/plant.png
  artifactKey: Guid(31100c1a6774a964a9f5502cff2fb6c2) Importer(815301076,1909f56bfc062723c751e8b465ee728b)
Start importing Assets/Environment/Sprites/plant.png using Guid(31100c1a6774a964a9f5502cff2fb6c2) Importer(815301076,1909f56bfc062723c751e8b465ee728b)  -> (artifact id: '069442add138df5fc7337e246646f029') in 0.015864 seconds 
  Import took 0.019745 seconds .

========================================================================
Received Import Request.
  Time since last request: 0.000486 seconds.
  path: Assets/Environment/Sprites/midground.png
  artifactKey: Guid(ae2c8da0a2b52a94693061615670c2aa) Importer(815301076,1909f56bfc062723c751e8b465ee728b)
Start importing Assets/Environment/Sprites/midground.png using Guid(ae2c8da0a2b52a94693061615670c2aa) Importer(815301076,1909f56bfc062723c751e8b465ee728b)  -> (artifact id: '3c45103f059823b9dbbed8382624afe9') in 0.020024 seconds 
  Import took 0.024779 seconds .

========================================================================
Received Import Request.
  Time since last request: 0.000356 seconds.
  path: Assets/Environment/Sprites/house.png
  artifactKey: Guid(94e3ad24efa41394381384e2f14d15a2) Importer(815301076,1909f56bfc062723c751e8b465ee728b)
Start importing Assets/Environment/Sprites/house.png using Guid(94e3ad24efa41394381384e2f14d15a2) Importer(815301076,1909f56bfc062723c751e8b465ee728b)  -> (artifact id: '46569f18f1efa9bec8a572c42a3e3f31') in 0.015387 seconds 
  Import took 0.018899 seconds .

========================================================================
Received Import Request.
  Time since last request: 0.000299 seconds.
  path: Assets/Environment/Sprites/fence.png
  artifactKey: Guid(5923f7e825e7cd44f9ae0017f0f1f139) Importer(815301076,1909f56bfc062723c751e8b465ee728b)
Start importing Assets/Environment/Sprites/fence.png using Guid(5923f7e825e7cd44f9ae0017f0f1f139) Importer(815301076,1909f56bfc062723c751e8b465ee728b)  -> (artifact id: '6dec81ac31ab0d6b107dbeabfa700c2d') in 0.014557 seconds 
  Import took 0.018242 seconds .

========================================================================
Received Import Request.
  Time since last request: 1.573050 seconds.
  path: Assets/Environment/Tiles/cloud.png
  artifactKey: Guid(700b598ed9c16475f833dc3f8a848ba7) Importer(815301076,1909f56bfc062723c751e8b465ee728b)
Start importing Assets/Environment/Tiles/cloud.png using Guid(700b598ed9c16475f833dc3f8a848ba7) Importer(815301076,1909f56bfc062723c751e8b465ee728b)  -> (artifact id: 'c61e9b953d0814ef3ad3180dc309fb3c') in 0.013227 seconds 
  Import took 0.016894 seconds .

========================================================================
Received Import Request.
  Time since last request: 0.000282 seconds.
  path: Assets/Environment/Tiles/TileFloatingLeftEdge.png
  artifactKey: Guid(4fe24818a6b2541629cad3038853d908) Importer(815301076,1909f56bfc062723c751e8b465ee728b)
Start importing Assets/Environment/Tiles/TileFloatingLeftEdge.png using Guid(4fe24818a6b2541629cad3038853d908) Importer(815301076,1909f56bfc062723c751e8b465ee728b)  -> (artifact id: '0dc43408abc21650900d506cac601f62') in 0.010441 seconds 
  Import took 0.014235 seconds .

========================================================================
Received Import Request.
  Time since last request: 0.000388 seconds.
  path: Assets/Environment/Tiles/house.png
  artifactKey: Guid(8021a483bbfee4494bb11f0cf1bb90bf) Importer(815301076,1909f56bfc062723c751e8b465ee728b)
Start importing Assets/Environment/Tiles/house.png using Guid(8021a483bbfee4494bb11f0cf1bb90bf) Importer(815301076,1909f56bfc062723c751e8b465ee728b)  -> (artifact id: 'd976fe673cead838037809eb1d970859') in 0.011649 seconds 
  Import took 0.018704 seconds .

========================================================================
Received Import Request.
  Time since last request: 0.000656 seconds.
  path: Assets/Environment/Tiles/tree.png
  artifactKey: Guid(bc567a15625ed46c78d8c3653d3d446c) Importer(815301076,1909f56bfc062723c751e8b465ee728b)
Start importing Assets/Environment/Tiles/tree.png using Guid(bc567a15625ed46c78d8c3653d3d446c) Importer(815301076,1909f56bfc062723c751e8b465ee728b)  -> (artifact id: '5955049fd985609b940463d7ac61a308') in 0.023124 seconds 
  Import took 0.027665 seconds .

========================================================================
Received Import Request.
  Time since last request: 0.000351 seconds.
  path: Assets/Environment/Tiles/TileGroundTop.png
  artifactKey: Guid(db5ae4c60c2264eb88d32cdb06e1f858) Importer(815301076,1909f56bfc062723c751e8b465ee728b)
Start importing Assets/Environment/Tiles/TileGroundTop.png using Guid(db5ae4c60c2264eb88d32cdb06e1f858) Importer(815301076,1909f56bfc062723c751e8b465ee728b)  -> (artifact id: '7192ba386a853a7574ee3b90fa1b9183') in 0.011785 seconds 
  Import took 0.015144 seconds .

========================================================================
Received Import Request.
  Time since last request: 0.000270 seconds.
  path: Assets/Environment/Tiles/midground.png
  artifactKey: Guid(dfe8cc17c5361498c90aec6087a4ccc0) Importer(815301076,1909f56bfc062723c751e8b465ee728b)
Start importing Assets/Environment/Tiles/midground.png using Guid(dfe8cc17c5361498c90aec6087a4ccc0) Importer(815301076,1909f56bfc062723c751e8b465ee728b)  -> (artifact id: '1ded4c893c8e54c94ed76a46686e04a7') in 0.015975 seconds 
  Import took 0.021009 seconds .

========================================================================
Received Import Request.
  Time since last request: 0.000453 seconds.
  path: Assets/Environment/Tiles/mountains.png
  artifactKey: Guid(fec4d86a327db4cd3b224f893cf7b1a3) Importer(815301076,1909f56bfc062723c751e8b465ee728b)
Start importing Assets/Environment/Tiles/mountains.png using Guid(fec4d86a327db4cd3b224f893cf7b1a3) Importer(815301076,1909f56bfc062723c751e8b465ee728b)  -> (artifact id: 'd51e44baa3de19981e06cb038311799c') in 0.014499 seconds 
  Import took 0.019250 seconds .

========================================================================
Received Import Request.
  Time since last request: 0.000273 seconds.
  path: Assets/Environment/Tiles/TallBuilding.png
  artifactKey: Guid(463f5cb78d0a54b0c9ccc094f0e51d48) Importer(815301076,1909f56bfc062723c751e8b465ee728b)
Start importing Assets/Environment/Tiles/TallBuilding.png using Guid(463f5cb78d0a54b0c9ccc094f0e51d48) Importer(815301076,1909f56bfc062723c751e8b465ee728b)  -> (artifact id: 'b0d9dd4fa99fe695b870db477b22bb9d') in 0.018048 seconds 
  Import took 0.022595 seconds .

========================================================================
Received Import Request.
  Time since last request: 0.000283 seconds.
  path: Assets/Environment/Tiles/TileGround.png
  artifactKey: Guid(4dd86eb519e244138a3c3980624ddb4f) Importer(815301076,1909f56bfc062723c751e8b465ee728b)
Start importing Assets/Environment/Tiles/TileGround.png using Guid(4dd86eb519e244138a3c3980624ddb4f) Importer(815301076,1909f56bfc062723c751e8b465ee728b)  -> (artifact id: 'b9460f86bdff835572f2503be09aaca0') in 0.013570 seconds 
  Import took 0.017529 seconds .

========================================================================
Received Import Request.
  Time since last request: 0.000314 seconds.
  path: Assets/Environment/Tiles/TileFloatingMiddle.png
  artifactKey: Guid(622f546155da24743a8fd7300873f890) Importer(815301076,1909f56bfc062723c751e8b465ee728b)
Start importing Assets/Environment/Tiles/TileFloatingMiddle.png using Guid(622f546155da24743a8fd7300873f890) Importer(815301076,1909f56bfc062723c751e8b465ee728b)  -> (artifact id: '25aa633abcadf80e021c18446b93c7be') in 0.016497 seconds 
  Import took 0.020007 seconds .

========================================================================
Received Import Request.
  Time since last request: 0.000287 seconds.
  path: Assets/Environment/Tiles/fence.png
  artifactKey: Guid(1d6ac65bd350c4ac98b48f1045728a88) Importer(815301076,1909f56bfc062723c751e8b465ee728b)
Start importing Assets/Environment/Tiles/fence.png using Guid(1d6ac65bd350c4ac98b48f1045728a88) Importer(815301076,1909f56bfc062723c751e8b465ee728b)  -> (artifact id: 'f69b978f9eac3a8a0bede5ba60ef1d94') in 0.012906 seconds 
  Import took 0.016713 seconds .

========================================================================
Received Import Request.
  Time since last request: 0.000368 seconds.
  path: Assets/Environment/Tiles/hillside.png
  artifactKey: Guid(38c40ae98d664442db21ae817074aae2) Importer(815301076,1909f56bfc062723c751e8b465ee728b)
Start importing Assets/Environment/Tiles/hillside.png using Guid(38c40ae98d664442db21ae817074aae2) Importer(815301076,1909f56bfc062723c751e8b465ee728b)  -> (artifact id: 'bf9f1aaffda236830185476a9c49cd78') in 0.010532 seconds 
  Import took 0.013739 seconds .

========================================================================
Received Import Request.
  Time since last request: 0.000387 seconds.
  path: Assets/Environment/Tiles/ShortBuilding.png
  artifactKey: Guid(3ffe88646fa814b14af9bbff9faff3f2) Importer(815301076,1909f56bfc062723c751e8b465ee728b)
Start importing Assets/Environment/Tiles/ShortBuilding.png using Guid(3ffe88646fa814b14af9bbff9faff3f2) Importer(815301076,1909f56bfc062723c751e8b465ee728b)  -> (artifact id: '26db63cdd675741c978c244b3eaebbba') in 0.015517 seconds 
  Import took 0.019735 seconds .

========================================================================
Received Import Request.
  Time since last request: 0.000387 seconds.
  path: Assets/Environment/Tiles/plant.png
  artifactKey: Guid(e08c42706db6e44aca973ecf98f3e0b3) Importer(815301076,1909f56bfc062723c751e8b465ee728b)
Start importing Assets/Environment/Tiles/plant.png using Guid(e08c42706db6e44aca973ecf98f3e0b3) Importer(815301076,1909f56bfc062723c751e8b465ee728b)  -> (artifact id: 'f61d078eea80ec0adae49e37340b7001') in 0.010840 seconds 
  Import took 0.015004 seconds .

========================================================================
Received Import Request.
  Time since last request: 0.000545 seconds.
  path: Assets/Environment/Tiles/TileFloatingRightEdge.png
  artifactKey: Guid(e24334b602b4d401a8b95a58dbac51f7) Importer(815301076,1909f56bfc062723c751e8b465ee728b)
Start importing Assets/Environment/Tiles/TileFloatingRightEdge.png using Guid(e24334b602b4d401a8b95a58dbac51f7) Importer(815301076,1909f56bfc062723c751e8b465ee728b)  -> (artifact id: 'ea6dd56627cce6d74de6150ccb0d854b') in 0.011711 seconds 
  Import took 0.014986 seconds .

========================================================================
Received Import Request.
  Time since last request: 9.845028 seconds.
  path: Assets/Scripts/Core
  artifactKey: Guid(22415b0b323d44ef59e4bb108e1718f7) Importer(815301076,1909f56bfc062723c751e8b465ee728b)
Start importing Assets/Scripts/Core using Guid(22415b0b323d44ef59e4bb108e1718f7) Importer(815301076,1909f56bfc062723c751e8b465ee728b)  -> (artifact id: '56c4e399562bda5f95b2cb0cd13d13d3') in 0.002271 seconds 
  Import took 0.004932 seconds .

========================================================================
Received Import Request.
  Time since last request: 0.998854 seconds.
  path: Assets/Scripts/Core/Fuzzy.cs
  artifactKey: Guid(83505d070f34d4a13807e938baeb0cbb) Importer(815301076,1909f56bfc062723c751e8b465ee728b)
Start importing Assets/Scripts/Core/Fuzzy.cs using Guid(83505d070f34d4a13807e938baeb0cbb) Importer(815301076,1909f56bfc062723c751e8b465ee728b)  -> (artifact id: 'faa79f147d0655c26a3592d0de537042') in 0.002531 seconds 
  Import took 0.005963 seconds .

========================================================================
Received Import Request.
  Time since last request: 134.166705 seconds.
  path: Assets/Scripts/Core/HeapQueue.cs
  artifactKey: Guid(f5b75bbf217f7490f9927130f30b446c) Importer(815301076,1909f56bfc062723c751e8b465ee728b)
Start importing Assets/Scripts/Core/HeapQueue.cs using Guid(f5b75bbf217f7490f9927130f30b446c) Importer(815301076,1909f56bfc062723c751e8b465ee728b)  -> (artifact id: 'd3f6c8a756ff2878ca5cc8acfd97446d') in 0.002609 seconds 
  Import took 0.005321 seconds .

========================================================================
Received Prepare
Registering precompiled user dll's ...
Registered in 0.004582 seconds.
Begin MonoManager ReloadAssembly
Native extension for WindowsStandalone target not found
Native extension for WebGL target not found
Refreshing native plugins compatible for Editor in 0.49 ms, found 2 plugins.
Preloading 0 native plugins for Editor in 0.00 ms.
Mono: successfully reloaded assembly
- Completed reload, in  0.857 seconds
Domain Reload Profiling:
	ReloadAssembly (858ms)
		BeginReloadAssembly (92ms)
			ExecutionOrderSort (0ms)
			DisableScriptedObjects (3ms)
			BackupInstance (0ms)
			ReleaseScriptingObjects (0ms)
			CreateAndSetChildDomain (31ms)
		EndReloadAssembly (710ms)
			LoadAssemblies (76ms)
			RebuildTransferFunctionScriptingTraits (0ms)
			SetupTypeCache (247ms)
			ReleaseScriptCaches (1ms)
			RebuildScriptCaches (38ms)
			SetupLoadedEditorAssemblies (269ms)
				LogAssemblyErrors (0ms)
				InitializePlatformSupportModulesInManaged (5ms)
				SetLoadedEditorAssemblies (0ms)
				RefreshPlugins (1ms)
				BeforeProcessingInitializeOnLoad (65ms)
				ProcessInitializeOnLoadAttributes (186ms)
				ProcessInitializeOnLoadMethodAttributes (7ms)
				AfterProcessingInitializeOnLoad (6ms)
				EditorAssembliesLoaded (0ms)
			ExecutionOrderSort2 (0ms)
			AwakeInstancesAfterBackupRestoration (5ms)
Platform modules already initialized, skipping
Refreshing native plugins compatible for Editor in 0.67 ms, found 2 plugins.
Preloading 0 native plugins for Editor in 0.00 ms.
Unloading 2010 Unused Serialized files (Serialized files now loaded: 0)
System memory in use before: 92.7 MB.
System memory in use after: 90.1 MB.

Unloading 57 unused Assets to reduce memory usage. Loaded Objects now: 2456.
Total: 3.769500 ms (FindLiveObjects: 0.169500 ms CreateObjectMapping: 0.035500 ms MarkObjects: 2.859700 ms  DeleteObjects: 0.703400 ms)

AssetImportParameters requested are different than current active one (requested -> active):
  custom:framework-win-MediaFoundation: 216162199b28c13a410421893ffa2e32 -> 
  custom:video-decoder-ogg-theora: a1e56fd34408186e4bbccfd4996cb3dc -> 
  custom:container-muxer-webm: aa71ff27fc2769a1b78a27578f13a17b -> 
  custom:container-demuxer-webm: 4f35f7cbe854078d1ac9338744f61a02 -> 
  custom:container-demuxer-ogg: 62fdf1f143b41e24485cea50d1cbac27 -> 
  custom:video-encoder-webm-vp8: eb34c28f22e8b96e1ab97ce403110664 -> 
  custom:video-decoder-webm-vp8: 9c59270c3fd7afecdb556c50c9e8de78 -> 
  custom:audio-decoder-ogg-vorbis: bf7c407c2cedff20999df2af8eb42d56 -> 
  custom:audio-encoder-webm-vorbis: bf7c407c2cedff20999df2af8eb42d56 -> 
========================================================================
Received Import Request.
  Time since last request: 147.687463 seconds.
  path: Assets/Scripts/Gameplay/EnemyDeath.cs
  artifactKey: Guid(372c5a0e9ae09479a837b93ab71d1e7a) Importer(815301076,1909f56bfc062723c751e8b465ee728b)
Start importing Assets/Scripts/Gameplay/EnemyDeath.cs using Guid(372c5a0e9ae09479a837b93ab71d1e7a) Importer(815301076,1909f56bfc062723c751e8b465ee728b)  -> (artifact id: 'b79e7ca37c51b17fb76f03dced154c9e') in 0.007870 seconds 
  Import took 0.011671 seconds .

========================================================================
Received Import Request.
  Time since last request: 1.498662 seconds.
  path: Assets/Scripts/Gameplay/HealthIsZero.cs
  artifactKey: Guid(292255fa2d1a944a18cc65545b54cbe1) Importer(815301076,1909f56bfc062723c751e8b465ee728b)
Start importing Assets/Scripts/Gameplay/HealthIsZero.cs using Guid(292255fa2d1a944a18cc65545b54cbe1) Importer(815301076,1909f56bfc062723c751e8b465ee728b)  -> (artifact id: '7f830a3ee246131a04635f80e159721b') in 0.002825 seconds 
  Import took 0.005828 seconds .

AssetImportWorkerClient::OnTransportError - code=2 error=End of file
